This is pTeXk, Version 3.141592-p3.1.10 (sjis) (Web2C 7.5.5) (format=platex 2006.11.14)  6 JAN 2016 16:27
 Source specials enabled.
**resume2015.tex
(./resume2015.tex
pLaTeX2e <2006/11/10>+0 (based on LaTeX2e <2005/12/01> patch level 0)
Babel <v3.8h> and hyphenation patterns for english, usenglishmax, ukenglish, ba
sque, bulgarian, coptic, welsh, czech, slovak, german, ngerman, danish, spanish
, catalan, estonian, finnish, french, irish, polygreek, monogreek, ancientgreek
, croatian, hungarian, interlingua, ibycus, bahasa, icelandic, italian, latin, 
mongolian, dutch, norsk, polish, portuguese, pinyin, romanian, russian, samin, 
slovene, usorbian, serbian, swedish, turkish, ukrainian, dumylang, nohyphenatio
n, loaded.
(c:/usr/local/share/texmf/ptex/platex/base/pl209.def
Entering pLaTeX 2.09 compatibility mode.
(c:/usr/local/share/texmf/tex/latex/base/latex209.def
File: latex209.def 1998/05/13 v0.52 Standard LaTeX file


          Entering LaTeX 2.09 COMPATIBILITY MODE
 *************************************************************
    !!WARNING!!    !!WARNING!!    !!WARNING!!    !!WARNING!!   
 
 This mode attempts to provide an emulation of the LaTeX 2.09
 author environment so that OLD documents can be successfully
 processed. It should NOT be used for NEW documents!
 
 New documents should use Standard LaTeX conventions and start
 with the \documentclass command.
 
 Compatibility mode is UNLIKELY TO WORK with LaTeX 2.09 style
 files that change any internal macros, especially not with
 those that change the FONT SELECTION or OUTPUT ROUTINES.
 
 Therefore such style files MUST BE UPDATED to use
          Current Standard LaTeX: LaTeX2e.
 If you suspect that you may be using such a style file, which
 is probably very, very old by now, then you should attempt to
 get it updated by sending a copy of this error message to the
 author of that file.
 *************************************************************

\footheight=\dimen118
\@maxsep=\dimen119
\@dblmaxsep=\dimen120
\@cla=\count81
\@clb=\count82
\mscount=\count83
(c:/usr/local/share/texmf/tex/latex/base/tracefnt.sty
Package: tracefnt 1997/05/29 v3.0j Standard LaTeX package (font tracing)
\tracingfonts=\count84
LaTeX Info: Redefining \selectfont on input line 101.
)
\symbold=\mathgroup4
\symsans=\mathgroup5
\symtypewriter=\mathgroup6
\symitalic=\mathgroup7
\symsmallcaps=\mathgroup8
\symslanted=\mathgroup9
LaTeX Font Info:    Redeclaring math alphabet \mathbf on input line 293.
LaTeX Font Info:    Redeclaring math alphabet \mathsf on input line 294.
LaTeX Font Info:    Redeclaring math alphabet \mathtt on input line 295.
LaTeX Font Info:    Redeclaring math alphabet \mathit on input line 301.
LaTeX Info: Redefining \em on input line 311.

(c:/usr/local/share/texmf/tex/latex/base/latexsym.sty
Package: latexsym 1998/08/17 v2.2e Standard LaTeX package (lasy symbols)
\symlasy=\mathgroup10
LaTeX Font Info:    Overwriting symbol font `lasy' in version `bold'
(Font)                  U/lasy/m/n --> U/lasy/b/n on input line 47.
)
LaTeX Font Info:    Redeclaring math delimiter \lgroup on input line 375.
LaTeX Font Info:    Redeclaring math delimiter \rgroup on input line 377.
LaTeX Font Info:    Redeclaring math delimiter \bracevert on input line 379.

(c:/usr/local/share/texmf/tex/latex/config/latex209.cfg
(c:/usr/local/share/texmf/tex/latex/tools/rawfonts.sty
Compatibility mode: package `' requested, but `rawfonts' provided.
Package: rawfonts 1994/05/08 Low-level LaTeX 2.09 font compatibility

(c:/usr/local/share/texmf/tex/latex/tools/somedefs.sty
Package: somedefs 1994/06/01 v0.03 Toolkit for optional definitions
)
LaTeX Font Info:    Try loading font information for U+lasy on input line 44.

(c:/usr/local/share/texmf/tex/latex/base/ulasy.fd
File: ulasy.fd 1998/08/17 v2.2e LaTeX symbol font definitions
))))
(c:/usr/local/share/texmf/ptex/platex/base/ptrace.sty
LaTeX Info: Redefining \selectfont on input line 40.
\adjust@box=\box41
\adjust@dimen=\dimen121
)
\symmincho=\mathgroup11
\symgothic=\mathgroup12
LaTeX Font Info:    Overwriting symbol font `mincho' in version `bold'
(Font)                  JY1/mc/m/n --> JY1/gt/m/n on input line 59.
LaTeX Info: Redefining \bf on input line 73.
LaTeX Info: Redefining \rm on input line 80.
LaTeX Info: Redefining \sf on input line 81.
LaTeX Info: Redefining \sl on input line 82.
LaTeX Info: Redefining \sc on input line 83.
LaTeX Info: Redefining \it on input line 84.
LaTeX Info: Redefining \tt on input line 85.
LaTeX Info: Redefining \em on input line 86.
)
(c:/usr/local/share/texmf/ptex/platex/base/jarticle.cls
Document Class: jarticle 2006/06/27 v1.6 Standard pLaTeX class
\c@@paper=\count85
(c:/usr/local/share/texmf/ptex/platex/base/jsize11.clo
File: jsize11.clo 2006/06/27 v1.6 Standard pLaTeX file (size option)
)
\c@part=\count86
\c@section=\count87
\c@subsection=\count88
\c@subsubsection=\count89
\c@paragraph=\count90
\c@subparagraph=\count91
\c@figure=\count92
\c@table=\count93
\abovecaptionskip=\skip41
\belowcaptionskip=\skip42
Compatibility mode: definition of \mc ignored.
Compatibility mode: definition of \gt ignored.
Compatibility mode: definition of \rm ignored.
Compatibility mode: definition of \sf ignored.
Compatibility mode: definition of \tt ignored.
Compatibility mode: definition of \bf ignored.
Compatibility mode: definition of \it ignored.
Compatibility mode: definition of \sl ignored.
Compatibility mode: definition of \sc ignored.
LaTeX Info: Redefining \cal on input line 630.
LaTeX Info: Redefining \mit on input line 631.
\toclineskip=\dimen122
\@lnumwidth=\dimen123
\bibindent=\dimen124
\heisei=\count94
) (./fancyheadings.sty
\headrulewidth=\dimen125
\footrulewidth=\dimen126
\plainheadrulewidth=\dimen127
\plainfootrulewidth=\dimen128
\headwidth=\dimen129
)
(c:/usr/local/share/texmf/ptex/platex209/misc/epsbox.sty
EPSbox version 1.7b for LaTeX/jdvi2kps2.1-3.0 (May 26, 1992)
Based on EPSF macro package. version 1.2 - Released July 16, 1990
\@darg=\dimen130
\eps@xdim=\dimen131
\eps@ydim=\dimen132
\eps@width=\dimen133
\eps@height=\dimen134
\eps@tempdima=\dimen135
\eps@tempdimb=\dimen136
\eps@cnta=\count95
\eps@cntb=\count96
\eps@cntc=\count97
\eps@cntd=\count98
\ps@stream=\read1
) (./rise.sty
\vspace@title=\dimen137
) (./resume2015.aux)
\openout1 = `resume2015.aux'.

LaTeX Font Info:    Checking defaults for OML/cmm/m/it on input line 6.
LaTeX Font Info:    ... okay on input line 6.
LaTeX Font Info:    Checking defaults for T1/cmr/m/n on input line 6.
LaTeX Font Info:    ... okay on input line 6.
LaTeX Font Info:    Checking defaults for OT1/cmr/m/n on input line 6.
LaTeX Font Info:    ... okay on input line 6.
LaTeX Font Info:    Checking defaults for OMS/cmsy/m/n on input line 6.
LaTeX Font Info:    ... okay on input line 6.
LaTeX Font Info:    Checking defaults for OMX/cmex/m/n on input line 6.
LaTeX Font Info:    ... okay on input line 6.
LaTeX Font Info:    Checking defaults for U/cmr/m/n on input line 6.
LaTeX Font Info:    ... okay on input line 6.
LaTeX Font Info:    Checking defaults for JY1/mc/m/n on input line 6.
LaTeX Font Info:    ... okay on input line 6.
LaTeX Font Info:    Checking defaults for JT1/mc/m/n on input line 6.
LaTeX Font Info:    ... okay on input line 6.

Underfull \vbox (badness 10000) detected at line 15
 []

LaTeX Font Info:    Font shape `JT1/mc/bx/n' in size <12> not available
(Font)              Font shape `JT1/gt/m/n' tried instead on input line 19.
LaTeX Font Info:    Font shape `JY1/mc/bx/n' in size <12> not available
(Font)              Font shape `JY1/gt/m/n' tried instead on input line 19.
LaTeX Font Info:    Try loading font information for OMS+cmr on input line 33.
(c:/usr/local/share/texmf/tex/latex/base/omscmr.fd
File: omscmr.fd 1999/05/25 v2.5h Standard LaTeX font definitions
)
LaTeX Font Info:    Font shape `OMS/cmr/m/n' in size <10> not available
(Font)              Font shape `OMS/cmsy/m/n' tried instead on input line 33.
LaTeX Font Info:    Font shape `JT1/mc/bx/n' in size <10> not available
(Font)              Font shape `JT1/gt/m/n' tried instead on input line 35.
LaTeX Font Info:    Font shape `JY1/mc/bx/n' in size <10> not available
(Font)              Font shape `JY1/gt/m/n' tried instead on input line 35.
LaTeX Font Info:    External font `cmex10' loaded for size
(Font)              <7> on input line 80.
LaTeX Font Info:    External font `cmex10' loaded for size
(Font)              <5> on input line 80.
 [1


] (./resume2015.aux) ) 
Here is how much of TeX's memory you used:
 786 strings out of 94481
 8862 string characters out of 1174923
 61262 words of memory out of 1500000
 4131 multiletter control sequences out of 10000+50000
 27591 words of font info for 106 fonts, out of 2000000 for 2000
 679 hyphenation exceptions out of 8191
 23i,4n,21p,368b,265s stack positions out of 3000i,500n,5000p,200000b,5000s

Output written on resume2015.dvi (1 page, 6288 bytes).
