This is e-pTeX, Version 3.14159265-p3.7.1-161114-2.6 (sjis) (TeX Live 2017/W32TeX) (preloaded format=platex 2017.11.27)  17 JAN 2018 21:02
entering extended mode
 restricted \write18 enabled.
 %&-line parsing enabled.
**thesis.txt
(./thesis.tex
pLaTeX2e <2017/10/28>+2 (based on LaTeX2e <2017-04-15>)
Babel <3.15> and hyphenation patterns for 84 language(s) loaded.
(./eniepaper.cls
Document Class `香川大学 工学部 電子・情報工学科 論文スタイル'.
Document Class: eniepaper 2002/1/28 v1.0 Kitajima.
(c:/texlive/2017/texmf-dist/tex/platex/base/jreport.cls
Document Class: jreport 2017/09/19 v1.7g Standard pLaTeX class
\c@@paper=\count82
(c:/texlive/2017/texmf-dist/tex/platex/base/jsize11.clo
File: jsize11.clo 2017/09/19 v1.7g Standard pLaTeX file (size option)
)
\c@part=\count83
\c@chapter=\count84
\c@section=\count85
\c@subsection=\count86
\c@subsubsection=\count87
\c@paragraph=\count88
\c@subparagraph=\count89
\c@figure=\count90
\c@table=\count91
\abovecaptionskip=\skip41
\belowcaptionskip=\skip42
\symmincho=\mathgroup4
LaTeX Font Info:    Overwriting symbol font `mincho' in version `bold'
(Font)                  JY1/mc/m/n --> JY1/gt/m/n on input line 702.
\toclineskip=\dimen118
\@lnumwidth=\dimen119
\bibindent=\dimen120
\heisei=\count92
)
\@etitlebox=\box42
\@eabstractbox=\box43
\@jabstractbox=\box44
\@keywordbox=\box45
\SIDEMARGIN=\skip43
)
(c:/texlive/2017/texmf-dist/tex/latex/base/makeidx.sty
Package: makeidx 2014/09/29 v1.0m Standard LaTeX package
) (./graphicx.sty
Package: graphicx 1997/06/09 v1.0d Enhanced LaTeX Graphics (DPC,SPQR)

(./keyval.sty
Package: keyval 1995/09/21 v1.09 key=value parser (DPC)
) (./graphics.sty
Package: graphics 1997/06/07 v1.0d Standard LaTeX Graphics (DPC,SPQR)
 (./trig.sty
Package: trig 1994/10/16 v1.08 sin cos tan (DPC)
) (./graphics.cfg)
Package graphics Info: Driver file: dvips.def on input line 84.
 (./dvips.def
File: dvips.def 1996/12/12 v3.0d Driver-dependant file (DPC,SPQR)
))
\Gin@req@height=\dimen121
\Gin@req@width=\dimen122
)
\@indexfile=\write3
\openout3 = `thesis.idx'.


Writing index file thesis.idx
LaTeX Font Info:    Font shape `JT1/mc/bx/n' in size <10.95> not available
(Font)              Font shape `JT1/gt/m/n' tried instead on input line 24.
LaTeX Font Info:    Font shape `JY1/mc/bx/n' in size <10.95> not available
(Font)              Font shape `JY1/gt/m/n' tried instead on input line 24.
LaTeX Font Info:    External font `cmex10' loaded for size
(Font)              <10.95> on input line 50.
LaTeX Font Info:    External font `cmex10' loaded for size
(Font)              <8> on input line 50.
LaTeX Font Info:    External font `cmex10' loaded for size
(Font)              <6> on input line 50.
(./thesis.aux)
\openout1 = `thesis.aux'.

LaTeX Font Info:    Checking defaults for OML/cmm/m/it on input line 67.
LaTeX Font Info:    ... okay on input line 67.
LaTeX Font Info:    Checking defaults for T1/cmr/m/n on input line 67.
LaTeX Font Info:    ... okay on input line 67.
LaTeX Font Info:    Checking defaults for OT1/cmr/m/n on input line 67.
LaTeX Font Info:    ... okay on input line 67.
LaTeX Font Info:    Checking defaults for OMS/cmsy/m/n on input line 67.
LaTeX Font Info:    ... okay on input line 67.
LaTeX Font Info:    Checking defaults for OMX/cmex/m/n on input line 67.
LaTeX Font Info:    ... okay on input line 67.
LaTeX Font Info:    Checking defaults for U/cmr/m/n on input line 67.
LaTeX Font Info:    ... okay on input line 67.
LaTeX Font Info:    Checking defaults for JY1/mc/m/n on input line 67.
LaTeX Font Info:    ... okay on input line 67.
LaTeX Font Info:    Checking defaults for JT1/mc/m/n on input line 67.
LaTeX Font Info:    ... okay on input line 67.
LaTeX Font Info:    Font shape `JT1/mc/bx/n' in size <20.74> not available
(Font)              Font shape `JT1/gt/m/n' tried instead on input line 68.
LaTeX Font Info:    Font shape `JY1/mc/bx/n' in size <20.74> not available
(Font)              Font shape `JY1/gt/m/n' tried instead on input line 68.
LaTeX Font Info:    Font shape `JT1/mc/bx/n' in size <14.4> not available
(Font)              Font shape `JT1/gt/m/n' tried instead on input line 68.
LaTeX Font Info:    Font shape `JY1/mc/bx/n' in size <14.4> not available
(Font)              Font shape `JY1/gt/m/n' tried instead on input line 68.
 [0


]
Overfull \hbox (10.53625pt too wide) in paragraph at lines 68--68
[][] 
 []


Overfull \hbox (10.53625pt too wide) in paragraph at lines 68--68
[][] 
 []


Overfull \hbox (10.53625pt too wide) in paragraph at lines 68--68
[][] 
 []

[1] (./thesis.toc)
\tf@toc=\write4
\openout4 = `thesis.toc'.

 [1

]
第 \lower 0.1ex\hbox { } 1 章
[1

] [2]
第 \lower 0.1ex\hbox { } 2 章
[3

] [4]
第 \lower 0.1ex\hbox { } 3 章
[5

] [6]
第 \lower 0.1ex\hbox { } 4 章
[7

] [8]
第 \lower 0.1ex\hbox { } 5 章
[9

] [10]
第 \lower 0.1ex\hbox { } 6 章
[11

]
第 \lower 0.1ex\hbox { } 7 章
[12

]
謝辞
[13

]
参考文献
[14

]
付録 A
[15

]
索引
No file thesis.ind.
(./thesis.aux) ) 
Here is how much of TeX's memory you used:
 706 strings out of 493642
 7579 string characters out of 6151768
 70480 words of memory out of 5000000
 4344 multiletter control sequences out of 15000+600000
 16323 words of font info for 64 fonts, out of 8000000 for 9000
 929 hyphenation exceptions out of 8191
 28i,9n,21p,288b,422s stack positions out of 5000i,500n,10000p,200000b,80000s

Output written on thesis.dvi (18 pages, 16616 bytes).
